[2025-12-31 00:52:20,313: INFO: utils: Note: NumExpr detected 16 cores but "NUMEXPR_MAX_THREADS" not set, so enforcing safe limit of 8.]
[2025-12-31 00:52:20,313: INFO: utils: NumExpr defaulting to 8 threads.]
[2025-12-31 00:52:27,744: INFO: x01_train: —————— 加载原始数据 2025_12_31 ——————]
[2025-12-31 00:52:55,255: ERROR: w02_log_error: 
发生于 d:\mlops\x05_mlops-pipeline\src\x01_train.py 第 129 行
Error: 表 collection_2025_12_31 为空 今天没有数据 2025_12_31 
]
[2025-12-31 00:52:57,962: INFO: utils: Note: NumExpr detected 16 cores but "NUMEXPR_MAX_THREADS" not set, so enforcing safe limit of 8.]
[2025-12-31 00:52:57,963: INFO: utils: NumExpr defaulting to 8 threads.]
[2025-12-31 00:52:59,683: INFO: x01_train: —————— 加载原始数据 2025_12_31 ——————]
[2025-12-31 00:52:59,722: ERROR: w02_log_error: 
发生于 d:\mlops\x05_mlops-pipeline\src\x01_train.py 第 129 行
Error: 表 collection_2025_12_31 为空 今天没有数据 2025_12_31 
]
[2025-12-31 00:53:06,104: INFO: utils: Note: NumExpr detected 16 cores but "NUMEXPR_MAX_THREADS" not set, so enforcing safe limit of 8.]
[2025-12-31 00:53:06,105: INFO: utils: NumExpr defaulting to 8 threads.]
[2025-12-31 00:53:06,935: INFO: x00_ETL_to_db: 插入数据 库:mlops_data 表:collection_2025_12_31 条数:11055]
[2025-12-31 00:53:10,013: INFO: utils: Note: NumExpr detected 16 cores but "NUMEXPR_MAX_THREADS" not set, so enforcing safe limit of 8.]
[2025-12-31 00:53:10,013: INFO: utils: NumExpr defaulting to 8 threads.]
[2025-12-31 00:53:11,723: INFO: x01_train: —————— 加载原始数据 2025_12_31 ——————]
[2025-12-31 00:53:11,899: INFO: x01_train: 数据 长度 11055 条数据]
[2025-12-31 00:53:11,908: INFO: x01_train: 字段完整 无多余字段 无缺失字段 包含 31 个字段]
[2025-12-31 00:53:11,910: INFO: x01_train: 删除缺失值 后 剩余 11055 条数据]
[2025-12-31 00:53:11,958: INFO: x01_train: 保存训练数据 路径:a1_out/Artifact_2025_12_31/data.csv 条数:11055]
[2025-12-31 00:53:15,532: INFO: x01_train: 数据图片 保存路径:a1_out/Artifact_2025_12_31/image.png]
[2025-12-31 00:53:15,561: INFO: x01_train: 结果csv 保存路径:a1_out/Artifact_2025_12_31/result.csv]
[2025-12-31 00:53:15,565: INFO: x01_train: 结果表格txt报告 保存路径:a1_out/Artifact_2025_12_31/result.txt]
[2025-12-31 00:53:15,582: INFO: x01_train: 最佳模型 保存路径:a1_out/Artifact_2025_12_31/model_Bagging_2025_12_31.pkl]
[2025-12-31 01:02:07,454: INFO: utils: Note: NumExpr detected 16 cores but "NUMEXPR_MAX_THREADS" not set, so enforcing safe limit of 8.]
[2025-12-31 01:02:07,454: INFO: utils: NumExpr defaulting to 8 threads.]
[2025-12-31 01:02:09,126: INFO: x01_train: —————— 加载原始数据 2025_12_31 ——————]
[2025-12-31 01:02:09,307: INFO: x01_train: 数据 长度 11055 条数据]
[2025-12-31 01:02:09,309: INFO: x01_train: 字段完整 无多余字段 无缺失字段 包含 31 个字段]
[2025-12-31 01:02:09,311: INFO: x01_train: 删除缺失值 后 剩余 11055 条数据]
[2025-12-31 01:02:09,358: INFO: x01_train: 保存训练数据 路径:a1_out/Artifact_2025_12_31/data.csv 条数:11055]
[2025-12-31 01:02:13,200: INFO: x01_train: 数据图片 保存路径:a1_out/Artifact_2025_12_31/image.png]
[2025-12-31 01:02:13,226: INFO: x01_train: 结果csv 保存路径:a1_out/Artifact_2025_12_31/result.csv]
[2025-12-31 01:02:13,239: INFO: x01_train: Pandas表格报告 保存路径:a1_out/Artifact_2025_12_31/result.txt]
[2025-12-31 01:02:13,256: INFO: x01_train: 最佳模型 保存路径:a1_out/Artifact_2025_12_31/model_Bagging_2025_12_31.pkl]
[2025-12-31 01:04:36,247: INFO: utils: Note: NumExpr detected 16 cores but "NUMEXPR_MAX_THREADS" not set, so enforcing safe limit of 8.]
[2025-12-31 01:04:36,247: INFO: utils: NumExpr defaulting to 8 threads.]
[2025-12-31 01:04:38,052: INFO: x01_train: —————— 加载原始数据 2025_12_31 ——————]
[2025-12-31 01:04:38,220: INFO: x01_train: 数据 长度 11055 条数据]
[2025-12-31 01:04:38,222: INFO: x01_train: 字段完整 无多余字段 无缺失字段 包含 31 个字段]
[2025-12-31 01:04:38,224: INFO: x01_train: 删除缺失值 后 剩余 11055 条数据]
[2025-12-31 01:04:38,271: INFO: x01_train: 保存训练数据 路径:a1_out/Artifact_2025_12_31/data.csv 条数:11055]
[2025-12-31 01:04:41,966: INFO: x01_train: 数据图片 保存路径:a1_out/Artifact_2025_12_31/image.png]
[2025-12-31 01:04:41,991: INFO: x01_train: 结果csv 保存路径:a1_out/Artifact_2025_12_31/result.csv]
[2025-12-31 01:04:41,995: INFO: x01_train: 结果表格txt报告 保存路径:a1_out/Artifact_2025_12_31/result.txt]
[2025-12-31 01:04:42,010: INFO: x01_train: 最佳模型 保存路径:a1_out/Artifact_2025_12_31/model_Bagging_2025_12_31.pkl]
[2025-12-31 01:09:39,642: INFO: utils: Note: NumExpr detected 16 cores but "NUMEXPR_MAX_THREADS" not set, so enforcing safe limit of 8.]
[2025-12-31 01:09:39,642: INFO: utils: NumExpr defaulting to 8 threads.]
[2025-12-31 01:09:41,420: INFO: x01_train: —————— 加载原始数据 2025_12_31 ——————]
[2025-12-31 01:09:41,568: INFO: x01_train: 数据 长度 11055 条数据]
[2025-12-31 01:09:41,570: INFO: x01_train: 字段完整 无多余字段 无缺失字段 包含 31 个字段]
[2025-12-31 01:09:41,572: INFO: x01_train: 删除缺失值 后 剩余 11055 条数据]
[2025-12-31 01:09:41,615: INFO: x01_train: 保存训练数据 路径:a1_out/Artifact_2025_12_31/data.csv 条数:11055]
[2025-12-31 01:09:45,250: INFO: x01_train: 数据图片 保存路径:a1_out/Artifact_2025_12_31/image.png]
[2025-12-31 01:09:45,277: INFO: x01_train: 结果csv 保存路径:a1_out/Artifact_2025_12_31/result.csv]
[2025-12-31 01:09:45,932: INFO: x01_train: 结果PDF报告 保存路径:a1_out/Artifact_2025_12_31/result.pdf]
[2025-12-31 01:09:46,019: INFO: x01_train: 最佳模型 保存路径:a1_out/Artifact_2025_12_31/model_Bagging_2025_12_31.pkl]
[2025-12-31 01:26:08,602: INFO: utils: Note: NumExpr detected 16 cores but "NUMEXPR_MAX_THREADS" not set, so enforcing safe limit of 8.]
[2025-12-31 01:26:08,602: INFO: utils: NumExpr defaulting to 8 threads.]
[2025-12-31 01:26:10,304: INFO: x01_train: —————— 加载原始数据 2025_12_31 ——————]
[2025-12-31 01:26:10,476: INFO: x01_train: 数据 长度 11055 条数据]
[2025-12-31 01:26:10,478: INFO: x01_train: 字段完整 无多余字段 无缺失字段 包含 31 个字段]
[2025-12-31 01:26:10,480: INFO: x01_train: 删除缺失值 后 剩余 11055 条数据]
[2025-12-31 01:26:10,523: INFO: x01_train: 保存训练数据 路径:a1_out/Artifact_2025_12_31/data.csv 条数:11055]
[2025-12-31 01:26:13,947: INFO: x01_train: 数据图片 保存路径:a1_out/Artifact_2025_12_31/image.png]
[2025-12-31 01:26:13,976: INFO: x01_train: 结果 csv 保存路径:a1_out/Artifact_2025_12_31/result.csv]
[2025-12-31 01:26:13,987: ERROR: w02_log_error: 
发生于 d:\mlops\x05_mlops-pipeline\src\x01_train.py 第 561 行
Error: 'model' 
]
[2025-12-31 01:26:45,795: INFO: utils: Note: NumExpr detected 16 cores but "NUMEXPR_MAX_THREADS" not set, so enforcing safe limit of 8.]
[2025-12-31 01:26:45,795: INFO: utils: NumExpr defaulting to 8 threads.]
[2025-12-31 01:26:47,734: INFO: x01_train: —————— 加载原始数据 2025_12_31 ——————]
[2025-12-31 01:26:47,896: INFO: x01_train: 数据 长度 11055 条数据]
[2025-12-31 01:26:47,898: INFO: x01_train: 字段完整 无多余字段 无缺失字段 包含 31 个字段]
[2025-12-31 01:26:47,900: INFO: x01_train: 删除缺失值 后 剩余 11055 条数据]
[2025-12-31 01:26:47,946: INFO: x01_train: 保存训练数据 路径:a1_out/Artifact_2025_12_31/data.csv 条数:11055]
[2025-12-31 01:26:51,645: INFO: x01_train: 数据图片 保存路径:a1_out/Artifact_2025_12_31/image.png]
[2025-12-31 01:26:51,670: INFO: x01_train: 结果 csv 保存路径:a1_out/Artifact_2025_12_31/result.csv]
[2025-12-31 01:26:52,201: INFO: x01_train: 结果 PDF报告 保存路径:a1_out/Artifact_2025_12_31/result.pdf]
[2025-12-31 01:26:52,280: INFO: x01_train: 最佳模型 保存路径:a1_out/Artifact_2025_12_31/model_Bagging_2025_12_31.pkl]
[2025-12-31 04:28:13,686: INFO: utils: Note: NumExpr detected 16 cores but "NUMEXPR_MAX_THREADS" not set, so enforcing safe limit of 8.]
[2025-12-31 04:28:13,686: INFO: utils: NumExpr defaulting to 8 threads.]
[2025-12-31 04:28:20,989: INFO: x01_train: —————— 加载原始数据 2025_12_31 ——————]
[2025-12-31 04:28:21,154: INFO: x01_train: 数据 长度 11055 条数据]
[2025-12-31 04:28:21,156: INFO: x01_train: 字段完整 无多余字段 无缺失字段 包含 31 个字段]
[2025-12-31 04:28:21,157: INFO: x01_train: 删除缺失值 后 剩余 11055 条数据]
[2025-12-31 04:28:21,226: INFO: x01_train: 保存训练数据 路径:a1_out/Artifact_2025_12_31/data.csv 条数:11055]
[2025-12-31 04:28:25,870: INFO: x01_train: ROC曲线图片 保存路径:a1_out/Artifact_2025_12_31/ROC_curve_2025_12_31.png]
[2025-12-31 04:28:25,900: INFO: x01_train: 结果 csv 保存路径:a1_out/Artifact_2025_12_31/result.csv]
[2025-12-31 04:28:26,519: INFO: x01_train: 结果 PNG图片 保存路径:a1_out/Artifact_2025_12_31/table_2025_12_31.png]
[2025-12-31 04:28:26,535: INFO: x01_train: 最佳模型 保存路径:a1_out/Artifact_2025_12_31/model_Bagging_2025_12_31.pkl]
[2025-12-31 04:30:21,041: INFO: utils: Note: NumExpr detected 16 cores but "NUMEXPR_MAX_THREADS" not set, so enforcing safe limit of 8.]
[2025-12-31 04:30:21,042: INFO: utils: NumExpr defaulting to 8 threads.]
[2025-12-31 04:30:22,900: INFO: x01_train: —————— 加载原始数据 2025_12_31 ——————]
[2025-12-31 04:30:23,053: INFO: x01_train: 数据 长度 11055 条数据]
[2025-12-31 04:30:23,056: INFO: x01_train: 字段完整 无多余字段 无缺失字段 包含 31 个字段]
[2025-12-31 04:30:23,058: INFO: x01_train: 删除缺失值 后 剩余 11055 条数据]
[2025-12-31 04:30:23,113: INFO: x01_train: 保存训练数据 路径:a1_out/Artifact_2025_12_31/data.csv 条数:11055]
[2025-12-31 04:30:27,038: INFO: x01_train: ROC曲线图片 保存路径:a1_out/Artifact_2025_12_31/ROC_curve_2025_12_31.png]
[2025-12-31 04:30:27,074: INFO: x01_train: 结果 csv 保存路径:a1_out/Artifact_2025_12_31/table_2025_12_31.csv]
[2025-12-31 04:30:27,686: INFO: x01_train: 结果 PNG图片 保存路径:a1_out/Artifact_2025_12_31/table_2025_12_31.png]
[2025-12-31 04:30:27,702: INFO: x01_train: 最佳模型 保存路径:a1_out/Artifact_2025_12_31/model_Bagging_2025_12_31.pkl]
[2025-12-31 04:30:40,924: INFO: utils: Note: NumExpr detected 16 cores but "NUMEXPR_MAX_THREADS" not set, so enforcing safe limit of 8.]
[2025-12-31 04:30:40,925: INFO: utils: NumExpr defaulting to 8 threads.]
[2025-12-31 04:30:42,584: INFO: x01_train: —————— 加载原始数据 2025_12_31 ——————]
[2025-12-31 04:30:42,769: INFO: x01_train: 数据 长度 11055 条数据]
[2025-12-31 04:30:42,771: INFO: x01_train: 字段完整 无多余字段 无缺失字段 包含 31 个字段]
[2025-12-31 04:30:42,772: INFO: x01_train: 删除缺失值 后 剩余 11055 条数据]
[2025-12-31 04:30:42,820: INFO: x01_train: 保存训练数据 路径:a1_out/Artifact_2025_12_31/data.csv 条数:11055]
[2025-12-31 04:30:46,348: INFO: x01_train: ROC曲线图片 保存路径:a1_out/Artifact_2025_12_31/ROC_curve_2025_12_31.png]
[2025-12-31 04:30:46,374: INFO: x01_train: 结果 csv 保存路径:a1_out/Artifact_2025_12_31/table_2025_12_31.csv]
[2025-12-31 04:30:46,973: INFO: x01_train: 结果 PNG图片 保存路径:a1_out/Artifact_2025_12_31/table_2025_12_31.png]
[2025-12-31 04:30:46,988: INFO: x01_train: 最佳模型 保存路径:a1_out/Artifact_2025_12_31/model_Bagging_2025_12_31.pkl]
[2025-12-31 04:35:34,434: INFO: utils: Note: NumExpr detected 16 cores but "NUMEXPR_MAX_THREADS" not set, so enforcing safe limit of 8.]
[2025-12-31 04:35:34,435: INFO: utils: NumExpr defaulting to 8 threads.]
[2025-12-31 04:35:36,199: INFO: x01_train: —————— 加载原始数据 2025_12_31 ——————]
[2025-12-31 04:35:36,381: INFO: x01_train: 数据 长度 11055 条数据]
[2025-12-31 04:35:36,383: INFO: x01_train: 字段完整 无多余字段 无缺失字段 包含 31 个字段]
[2025-12-31 04:35:36,386: INFO: x01_train: 删除缺失值 后 剩余 11055 条数据]
[2025-12-31 04:35:36,433: INFO: x01_train: 保存训练数据 路径:a1_out/Artifact_2025_12_31/data.csv 条数:11055]
[2025-12-31 04:35:39,888: INFO: x01_train: ROC曲线图片 保存路径:a1_out/Artifact_2025_12_31/ROC_curve_2025_12_31.png]
[2025-12-31 04:35:39,913: INFO: x01_train: 结果 csv 保存路径:a1_out/Artifact_2025_12_31/table_2025_12_31.csv]
[2025-12-31 04:35:40,465: INFO: x01_train: 结果 PNG图片 保存路径:a1_out/Artifact_2025_12_31/table_2025_12_31.png]
[2025-12-31 04:35:40,480: INFO: x01_train: 最佳模型 保存路径:a1_out/Artifact_2025_12_31/model_2025_12_31_Bagging.pkl]
[2025-12-31 05:14:18,042: INFO: x03_upload_to_s3: 开始 上传到s3 2025_12_31]
[2025-12-31 05:14:19,875: INFO: x03_upload_to_s3: 完成 上传到s3 s3://a1-s3-7765432/Artifact_2025_12_31]
[2025-12-31 05:17:42,753: INFO: x03_upload_to_s3: 开始 上传到s3 2025_12_31]
[2025-12-31 05:17:43,442: INFO: x03_upload_to_s3: 完成 上传到s3 s3://a1-s3-7765432/Artifact_2025_12_31]
[2025-12-31 05:20:00,248: INFO: x03_upload_to_s3: 开始 上传到s3 2025_12_31]
[2025-12-31 05:20:00,248: ERROR: x03_upload_to_s3: 文件夹不存在: a12_out/Artifact_2025_12_31]
[2025-12-31 05:21:00,125: INFO: x03_upload_to_s3: 开始 上传到s3 2025_12_31]
[2025-12-31 05:21:00,126: ERROR: w02_log_error: 
发生于 d:\mlops\x05_mlops-pipeline\src\x03_upload_to_s3.py 第 46 行
Error: 文件夹不存在: a12_out/Artifact_2025_12_31 
]
[2025-12-31 05:21:32,052: INFO: x03_upload_to_s3: 开始 上传到s3 2025_12_31]
[2025-12-31 05:21:35,751: INFO: x03_upload_to_s3: 完成 上传到s3 s3://a1-s3-7765432/Artifact_2025_12_31]
[2025-12-31 05:21:41,793: INFO: x04_download_to_local: 开始 下载到本地 2025_12_31]
[2025-12-31 05:21:47,473: INFO: x04_download_to_local: 完成 下载到本地 a2_local/Artifact_2025_12_31]
[2025-12-31 05:27:50,109: INFO: utils: Note: NumExpr detected 16 cores but "NUMEXPR_MAX_THREADS" not set, so enforcing safe limit of 8.]
[2025-12-31 05:27:50,109: INFO: utils: NumExpr defaulting to 8 threads.]
[2025-12-31 05:28:41,013: INFO: utils: Note: NumExpr detected 16 cores but "NUMEXPR_MAX_THREADS" not set, so enforcing safe limit of 8.]
[2025-12-31 05:28:41,014: INFO: utils: NumExpr defaulting to 8 threads.]
[2025-12-31 05:31:11,920: INFO: utils: Note: NumExpr detected 16 cores but "NUMEXPR_MAX_THREADS" not set, so enforcing safe limit of 8.]
[2025-12-31 05:31:11,921: INFO: utils: NumExpr defaulting to 8 threads.]
[2025-12-31 05:37:23,917: INFO: utils: Note: NumExpr detected 16 cores but "NUMEXPR_MAX_THREADS" not set, so enforcing safe limit of 8.]
[2025-12-31 05:37:23,917: INFO: utils: NumExpr defaulting to 8 threads.]
[2025-12-31 05:40:33,755: INFO: utils: Note: NumExpr detected 16 cores but "NUMEXPR_MAX_THREADS" not set, so enforcing safe limit of 8.]
[2025-12-31 05:40:33,755: INFO: utils: NumExpr defaulting to 8 threads.]
[2025-12-31 05:40:51,202: INFO: utils: Note: NumExpr detected 16 cores but "NUMEXPR_MAX_THREADS" not set, so enforcing safe limit of 8.]
[2025-12-31 05:40:51,203: INFO: utils: NumExpr defaulting to 8 threads.]
[2025-12-31 05:40:52,114: INFO: utils: Note: NumExpr detected 16 cores but "NUMEXPR_MAX_THREADS" not set, so enforcing safe limit of 8.]
[2025-12-31 05:40:52,114: INFO: utils: NumExpr defaulting to 8 threads.]
[2025-12-31 05:41:45,873: INFO: utils: Note: NumExpr detected 16 cores but "NUMEXPR_MAX_THREADS" not set, so enforcing safe limit of 8.]
[2025-12-31 05:41:45,874: INFO: utils: NumExpr defaulting to 8 threads.]
[2025-12-31 05:41:46,899: INFO: utils: Note: NumExpr detected 16 cores but "NUMEXPR_MAX_THREADS" not set, so enforcing safe limit of 8.]
[2025-12-31 05:41:46,899: INFO: utils: NumExpr defaulting to 8 threads.]
[2025-12-31 05:42:25,983: INFO: utils: Note: NumExpr detected 16 cores but "NUMEXPR_MAX_THREADS" not set, so enforcing safe limit of 8.]
[2025-12-31 05:42:25,983: INFO: utils: NumExpr defaulting to 8 threads.]
[2025-12-31 05:42:30,817: INFO: utils: Note: NumExpr detected 16 cores but "NUMEXPR_MAX_THREADS" not set, so enforcing safe limit of 8.]
[2025-12-31 05:42:30,817: INFO: utils: NumExpr defaulting to 8 threads.]
[2025-12-31 05:42:34,785: INFO: utils: Note: NumExpr detected 16 cores but "NUMEXPR_MAX_THREADS" not set, so enforcing safe limit of 8.]
[2025-12-31 05:42:34,785: INFO: utils: NumExpr defaulting to 8 threads.]
[2025-12-31 05:43:13,671: INFO: utils: Note: NumExpr detected 16 cores but "NUMEXPR_MAX_THREADS" not set, so enforcing safe limit of 8.]
[2025-12-31 05:43:13,672: INFO: utils: NumExpr defaulting to 8 threads.]
[2025-12-31 05:43:19,834: INFO: utils: Note: NumExpr detected 16 cores but "NUMEXPR_MAX_THREADS" not set, so enforcing safe limit of 8.]
[2025-12-31 05:43:19,835: INFO: utils: NumExpr defaulting to 8 threads.]
[2025-12-31 05:43:24,497: INFO: utils: Note: NumExpr detected 16 cores but "NUMEXPR_MAX_THREADS" not set, so enforcing safe limit of 8.]
[2025-12-31 05:43:24,497: INFO: utils: NumExpr defaulting to 8 threads.]
[2025-12-31 05:43:48,868: INFO: utils: Note: NumExpr detected 16 cores but "NUMEXPR_MAX_THREADS" not set, so enforcing safe limit of 8.]
[2025-12-31 05:43:48,869: INFO: utils: NumExpr defaulting to 8 threads.]
[2025-12-31 05:43:53,160: INFO: utils: Note: NumExpr detected 16 cores but "NUMEXPR_MAX_THREADS" not set, so enforcing safe limit of 8.]
[2025-12-31 05:43:53,160: INFO: utils: NumExpr defaulting to 8 threads.]
[2025-12-31 05:43:57,091: INFO: utils: Note: NumExpr detected 16 cores but "NUMEXPR_MAX_THREADS" not set, so enforcing safe limit of 8.]
[2025-12-31 05:43:57,092: INFO: utils: NumExpr defaulting to 8 threads.]
[2025-12-31 05:44:03,176: INFO: utils: Note: NumExpr detected 16 cores but "NUMEXPR_MAX_THREADS" not set, so enforcing safe limit of 8.]
[2025-12-31 05:44:03,176: INFO: utils: NumExpr defaulting to 8 threads.]
[2025-12-31 05:44:09,018: INFO: utils: Note: NumExpr detected 16 cores but "NUMEXPR_MAX_THREADS" not set, so enforcing safe limit of 8.]
[2025-12-31 05:44:09,018: INFO: utils: NumExpr defaulting to 8 threads.]
[2025-12-31 05:44:16,599: INFO: utils: Note: NumExpr detected 16 cores but "NUMEXPR_MAX_THREADS" not set, so enforcing safe limit of 8.]
[2025-12-31 05:44:16,599: INFO: utils: NumExpr defaulting to 8 threads.]
[2025-12-31 05:44:18,226: INFO: utils: Note: NumExpr detected 16 cores but "NUMEXPR_MAX_THREADS" not set, so enforcing safe limit of 8.]
[2025-12-31 05:44:18,227: INFO: utils: NumExpr defaulting to 8 threads.]
[2025-12-31 05:44:25,865: INFO: utils: Note: NumExpr detected 16 cores but "NUMEXPR_MAX_THREADS" not set, so enforcing safe limit of 8.]
[2025-12-31 05:44:25,865: INFO: utils: NumExpr defaulting to 8 threads.]
[2025-12-31 05:44:29,335: INFO: utils: Note: NumExpr detected 16 cores but "NUMEXPR_MAX_THREADS" not set, so enforcing safe limit of 8.]
[2025-12-31 05:44:29,336: INFO: utils: NumExpr defaulting to 8 threads.]
[2025-12-31 05:44:38,621: INFO: utils: Note: NumExpr detected 16 cores but "NUMEXPR_MAX_THREADS" not set, so enforcing safe limit of 8.]
[2025-12-31 05:44:38,621: INFO: utils: NumExpr defaulting to 8 threads.]
[2025-12-31 05:44:42,011: INFO: utils: Note: NumExpr detected 16 cores but "NUMEXPR_MAX_THREADS" not set, so enforcing safe limit of 8.]
[2025-12-31 05:44:42,011: INFO: utils: NumExpr defaulting to 8 threads.]
[2025-12-31 05:44:54,691: INFO: utils: Note: NumExpr detected 16 cores but "NUMEXPR_MAX_THREADS" not set, so enforcing safe limit of 8.]
[2025-12-31 05:44:54,692: INFO: utils: NumExpr defaulting to 8 threads.]
[2025-12-31 05:45:01,003: INFO: utils: Note: NumExpr detected 16 cores but "NUMEXPR_MAX_THREADS" not set, so enforcing safe limit of 8.]
[2025-12-31 05:45:01,003: INFO: utils: NumExpr defaulting to 8 threads.]
[2025-12-31 05:45:25,058: INFO: utils: Note: NumExpr detected 16 cores but "NUMEXPR_MAX_THREADS" not set, so enforcing safe limit of 8.]
[2025-12-31 05:45:25,059: INFO: utils: NumExpr defaulting to 8 threads.]
[2025-12-31 05:45:25,992: INFO: utils: Note: NumExpr detected 16 cores but "NUMEXPR_MAX_THREADS" not set, so enforcing safe limit of 8.]
[2025-12-31 05:45:25,992: INFO: utils: NumExpr defaulting to 8 threads.]
[2025-12-31 05:47:00,872: INFO: utils: Note: NumExpr detected 16 cores but "NUMEXPR_MAX_THREADS" not set, so enforcing safe limit of 8.]
[2025-12-31 05:47:00,872: INFO: utils: NumExpr defaulting to 8 threads.]
[2025-12-31 05:53:17,631: INFO: utils: Note: NumExpr detected 16 cores but "NUMEXPR_MAX_THREADS" not set, so enforcing safe limit of 8.]
[2025-12-31 05:53:17,631: INFO: utils: NumExpr defaulting to 8 threads.]
[2025-12-31 05:54:38,120: INFO: utils: Note: NumExpr detected 16 cores but "NUMEXPR_MAX_THREADS" not set, so enforcing safe limit of 8.]
[2025-12-31 05:54:38,120: INFO: utils: NumExpr defaulting to 8 threads.]
[2025-12-31 05:59:55,157: INFO: utils: Note: NumExpr detected 16 cores but "NUMEXPR_MAX_THREADS" not set, so enforcing safe limit of 8.]
[2025-12-31 05:59:55,157: INFO: utils: NumExpr defaulting to 8 threads.]
[2025-12-31 06:01:31,775: INFO: utils: Note: NumExpr detected 16 cores but "NUMEXPR_MAX_THREADS" not set, so enforcing safe limit of 8.]
[2025-12-31 06:01:31,776: INFO: utils: NumExpr defaulting to 8 threads.]
[2025-12-31 06:01:32,735: INFO: utils: Note: NumExpr detected 16 cores but "NUMEXPR_MAX_THREADS" not set, so enforcing safe limit of 8.]
[2025-12-31 06:01:32,735: INFO: utils: NumExpr defaulting to 8 threads.]
[2025-12-31 06:02:44,190: INFO: server: 开始 下载到本地 2025_12_31]
[2025-12-31 06:02:50,928: INFO: server: 完成 下载到本地 a2_local/Artifact_2025_12_31]
[2025-12-31 06:03:10,271: INFO: utils: Note: NumExpr detected 16 cores but "NUMEXPR_MAX_THREADS" not set, so enforcing safe limit of 8.]
[2025-12-31 06:03:10,271: INFO: utils: NumExpr defaulting to 8 threads.]
[2025-12-31 06:03:12,100: INFO: utils: Note: NumExpr detected 16 cores but "NUMEXPR_MAX_THREADS" not set, so enforcing safe limit of 8.]
[2025-12-31 06:03:12,100: INFO: utils: NumExpr defaulting to 8 threads.]
[2025-12-31 06:03:14,666: INFO: server: 开始 下载到本地 2025_12_31]
[2025-12-31 06:03:20,105: INFO: server: 完成 下载到本地 a2_local/Artifact_2025_12_31]
[2025-12-31 06:04:15,021: INFO: utils: Note: NumExpr detected 16 cores but "NUMEXPR_MAX_THREADS" not set, so enforcing safe limit of 8.]
[2025-12-31 06:04:15,021: INFO: utils: NumExpr defaulting to 8 threads.]
[2025-12-31 06:04:15,878: INFO: utils: Note: NumExpr detected 16 cores but "NUMEXPR_MAX_THREADS" not set, so enforcing safe limit of 8.]
[2025-12-31 06:04:15,878: INFO: utils: NumExpr defaulting to 8 threads.]
[2025-12-31 06:04:29,910: INFO: utils: Note: NumExpr detected 16 cores but "NUMEXPR_MAX_THREADS" not set, so enforcing safe limit of 8.]
[2025-12-31 06:04:29,910: INFO: utils: NumExpr defaulting to 8 threads.]
[2025-12-31 06:04:46,852: INFO: utils: Note: NumExpr detected 16 cores but "NUMEXPR_MAX_THREADS" not set, so enforcing safe limit of 8.]
[2025-12-31 06:04:46,852: INFO: utils: NumExpr defaulting to 8 threads.]
[2025-12-31 06:06:07,536: INFO: utils: Note: NumExpr detected 16 cores but "NUMEXPR_MAX_THREADS" not set, so enforcing safe limit of 8.]
[2025-12-31 06:06:07,536: INFO: utils: NumExpr defaulting to 8 threads.]
[2025-12-31 06:06:11,997: INFO: utils: Note: NumExpr detected 16 cores but "NUMEXPR_MAX_THREADS" not set, so enforcing safe limit of 8.]
[2025-12-31 06:06:11,997: INFO: utils: NumExpr defaulting to 8 threads.]
[2025-12-31 06:06:27,938: INFO: utils: Note: NumExpr detected 16 cores but "NUMEXPR_MAX_THREADS" not set, so enforcing safe limit of 8.]
[2025-12-31 06:06:27,938: INFO: utils: NumExpr defaulting to 8 threads.]
[2025-12-31 06:08:50,696: INFO: utils: Note: NumExpr detected 16 cores but "NUMEXPR_MAX_THREADS" not set, so enforcing safe limit of 8.]
[2025-12-31 06:08:50,696: INFO: utils: NumExpr defaulting to 8 threads.]
[2025-12-31 06:08:53,173: INFO: utils: Note: NumExpr detected 16 cores but "NUMEXPR_MAX_THREADS" not set, so enforcing safe limit of 8.]
[2025-12-31 06:08:53,173: INFO: utils: NumExpr defaulting to 8 threads.]
[2025-12-31 06:09:00,094: INFO: utils: Note: NumExpr detected 16 cores but "NUMEXPR_MAX_THREADS" not set, so enforcing safe limit of 8.]
[2025-12-31 06:09:00,095: INFO: utils: NumExpr defaulting to 8 threads.]
[2025-12-31 06:09:06,108: INFO: utils: Note: NumExpr detected 16 cores but "NUMEXPR_MAX_THREADS" not set, so enforcing safe limit of 8.]
[2025-12-31 06:09:06,108: INFO: utils: NumExpr defaulting to 8 threads.]
[2025-12-31 06:09:07,920: INFO: utils: Note: NumExpr detected 16 cores but "NUMEXPR_MAX_THREADS" not set, so enforcing safe limit of 8.]
[2025-12-31 06:09:07,920: INFO: utils: NumExpr defaulting to 8 threads.]
[2025-12-31 06:09:12,146: INFO: utils: Note: NumExpr detected 16 cores but "NUMEXPR_MAX_THREADS" not set, so enforcing safe limit of 8.]
[2025-12-31 06:09:12,147: INFO: utils: NumExpr defaulting to 8 threads.]
[2025-12-31 06:11:35,238: INFO: utils: Note: NumExpr detected 16 cores but "NUMEXPR_MAX_THREADS" not set, so enforcing safe limit of 8.]
[2025-12-31 06:11:35,239: INFO: utils: NumExpr defaulting to 8 threads.]
[2025-12-31 06:11:39,786: INFO: utils: Note: NumExpr detected 16 cores but "NUMEXPR_MAX_THREADS" not set, so enforcing safe limit of 8.]
[2025-12-31 06:11:39,787: INFO: utils: NumExpr defaulting to 8 threads.]
[2025-12-31 06:11:45,343: INFO: utils: Note: NumExpr detected 16 cores but "NUMEXPR_MAX_THREADS" not set, so enforcing safe limit of 8.]
[2025-12-31 06:11:45,343: INFO: utils: NumExpr defaulting to 8 threads.]
[2025-12-31 06:11:56,719: INFO: utils: Note: NumExpr detected 16 cores but "NUMEXPR_MAX_THREADS" not set, so enforcing safe limit of 8.]
[2025-12-31 06:11:56,719: INFO: utils: NumExpr defaulting to 8 threads.]
[2025-12-31 06:11:58,290: INFO: utils: Note: NumExpr detected 16 cores but "NUMEXPR_MAX_THREADS" not set, so enforcing safe limit of 8.]
[2025-12-31 06:11:58,290: INFO: utils: NumExpr defaulting to 8 threads.]
[2025-12-31 06:12:00,917: INFO: utils: Note: NumExpr detected 16 cores but "NUMEXPR_MAX_THREADS" not set, so enforcing safe limit of 8.]
[2025-12-31 06:12:00,918: INFO: utils: NumExpr defaulting to 8 threads.]
[2025-12-31 06:12:03,324: INFO: utils: Note: NumExpr detected 16 cores but "NUMEXPR_MAX_THREADS" not set, so enforcing safe limit of 8.]
[2025-12-31 06:12:03,324: INFO: utils: NumExpr defaulting to 8 threads.]
[2025-12-31 06:12:06,211: INFO: utils: Note: NumExpr detected 16 cores but "NUMEXPR_MAX_THREADS" not set, so enforcing safe limit of 8.]
[2025-12-31 06:12:06,211: INFO: utils: NumExpr defaulting to 8 threads.]
[2025-12-31 06:13:43,313: INFO: utils: Note: NumExpr detected 16 cores but "NUMEXPR_MAX_THREADS" not set, so enforcing safe limit of 8.]
[2025-12-31 06:13:43,314: INFO: utils: NumExpr defaulting to 8 threads.]
[2025-12-31 06:13:47,344: INFO: utils: Note: NumExpr detected 16 cores but "NUMEXPR_MAX_THREADS" not set, so enforcing safe limit of 8.]
[2025-12-31 06:13:47,344: INFO: utils: NumExpr defaulting to 8 threads.]
[2025-12-31 06:13:54,777: INFO: utils: Note: NumExpr detected 16 cores but "NUMEXPR_MAX_THREADS" not set, so enforcing safe limit of 8.]
[2025-12-31 06:13:54,777: INFO: utils: NumExpr defaulting to 8 threads.]
[2025-12-31 06:14:00,754: INFO: utils: Note: NumExpr detected 16 cores but "NUMEXPR_MAX_THREADS" not set, so enforcing safe limit of 8.]
[2025-12-31 06:14:00,754: INFO: utils: NumExpr defaulting to 8 threads.]
[2025-12-31 06:14:01,637: INFO: utils: Note: NumExpr detected 16 cores but "NUMEXPR_MAX_THREADS" not set, so enforcing safe limit of 8.]
[2025-12-31 06:14:01,637: INFO: utils: NumExpr defaulting to 8 threads.]
[2025-12-31 06:14:08,525: INFO: utils: Note: NumExpr detected 16 cores but "NUMEXPR_MAX_THREADS" not set, so enforcing safe limit of 8.]
[2025-12-31 06:14:08,525: INFO: utils: NumExpr defaulting to 8 threads.]
[2025-12-31 06:16:16,958: INFO: x03_upload_to_s3: 开始 上传到s3 2025_12_31]
[2025-12-31 06:16:20,747: INFO: x03_upload_to_s3: 完成 上传到s3 s3://a1-s3-7765432/Artifact_2025_12_31]
[2025-12-31 06:16:24,078: INFO: x04_download_to_local: 开始 下载到本地 2025_12_31]
[2025-12-31 06:16:29,624: INFO: x04_download_to_local: 完成 下载到本地 a2_local/Artifact_2025_12_31]
[2025-12-31 06:23:55,875: INFO: utils: Note: NumExpr detected 16 cores but "NUMEXPR_MAX_THREADS" not set, so enforcing safe limit of 8.]
[2025-12-31 06:23:55,875: INFO: utils: NumExpr defaulting to 8 threads.]
[2025-12-31 06:23:56,863: INFO: utils: Note: NumExpr detected 16 cores but "NUMEXPR_MAX_THREADS" not set, so enforcing safe limit of 8.]
[2025-12-31 06:23:56,864: INFO: utils: NumExpr defaulting to 8 threads.]
[2025-12-31 06:24:51,343: INFO: server: 开始 更换模型 2025_12_31]
[2025-12-31 06:24:51,343: ERROR: w02_log_error: 
发生于 d:\mlops\x05_mlops-pipeline\src\server.py 第 168 行
Error: file must have 'read' and 'readline' attributes 
]
[2025-12-31 06:25:49,834: INFO: utils: Note: NumExpr detected 16 cores but "NUMEXPR_MAX_THREADS" not set, so enforcing safe limit of 8.]
[2025-12-31 06:25:49,834: INFO: utils: NumExpr defaulting to 8 threads.]
[2025-12-31 06:26:32,140: INFO: utils: Note: NumExpr detected 16 cores but "NUMEXPR_MAX_THREADS" not set, so enforcing safe limit of 8.]
[2025-12-31 06:26:32,141: INFO: utils: NumExpr defaulting to 8 threads.]
[2025-12-31 06:26:33,320: INFO: utils: Note: NumExpr detected 16 cores but "NUMEXPR_MAX_THREADS" not set, so enforcing safe limit of 8.]
[2025-12-31 06:26:33,321: INFO: utils: NumExpr defaulting to 8 threads.]
[2025-12-31 06:27:14,594: INFO: utils: Note: NumExpr detected 16 cores but "NUMEXPR_MAX_THREADS" not set, so enforcing safe limit of 8.]
[2025-12-31 06:27:14,594: INFO: utils: NumExpr defaulting to 8 threads.]
[2025-12-31 06:27:26,525: INFO: utils: Note: NumExpr detected 16 cores but "NUMEXPR_MAX_THREADS" not set, so enforcing safe limit of 8.]
[2025-12-31 06:27:26,525: INFO: utils: NumExpr defaulting to 8 threads.]
[2025-12-31 06:27:28,181: INFO: utils: Note: NumExpr detected 16 cores but "NUMEXPR_MAX_THREADS" not set, so enforcing safe limit of 8.]
[2025-12-31 06:27:28,182: INFO: utils: NumExpr defaulting to 8 threads.]
[2025-12-31 06:27:29,778: INFO: utils: Note: NumExpr detected 16 cores but "NUMEXPR_MAX_THREADS" not set, so enforcing safe limit of 8.]
[2025-12-31 06:27:29,779: INFO: utils: NumExpr defaulting to 8 threads.]
[2025-12-31 06:27:39,826: INFO: utils: Note: NumExpr detected 16 cores but "NUMEXPR_MAX_THREADS" not set, so enforcing safe limit of 8.]
[2025-12-31 06:27:39,827: INFO: utils: NumExpr defaulting to 8 threads.]
[2025-12-31 06:27:45,290: INFO: utils: Note: NumExpr detected 16 cores but "NUMEXPR_MAX_THREADS" not set, so enforcing safe limit of 8.]
[2025-12-31 06:27:45,291: INFO: utils: NumExpr defaulting to 8 threads.]
[2025-12-31 06:28:19,424: INFO: utils: Note: NumExpr detected 16 cores but "NUMEXPR_MAX_THREADS" not set, so enforcing safe limit of 8.]
[2025-12-31 06:28:19,424: INFO: utils: NumExpr defaulting to 8 threads.]
[2025-12-31 06:28:20,348: INFO: utils: Note: NumExpr detected 16 cores but "NUMEXPR_MAX_THREADS" not set, so enforcing safe limit of 8.]
[2025-12-31 06:28:20,349: INFO: utils: NumExpr defaulting to 8 threads.]
[2025-12-31 06:29:20,183: INFO: utils: Note: NumExpr detected 16 cores but "NUMEXPR_MAX_THREADS" not set, so enforcing safe limit of 8.]
[2025-12-31 06:29:20,184: INFO: utils: NumExpr defaulting to 8 threads.]
[2025-12-31 06:29:25,132: INFO: utils: Note: NumExpr detected 16 cores but "NUMEXPR_MAX_THREADS" not set, so enforcing safe limit of 8.]
[2025-12-31 06:29:25,132: INFO: utils: NumExpr defaulting to 8 threads.]
[2025-12-31 06:29:29,217: INFO: utils: Note: NumExpr detected 16 cores but "NUMEXPR_MAX_THREADS" not set, so enforcing safe limit of 8.]
[2025-12-31 06:29:29,217: INFO: utils: NumExpr defaulting to 8 threads.]
[2025-12-31 06:29:33,924: INFO: utils: Note: NumExpr detected 16 cores but "NUMEXPR_MAX_THREADS" not set, so enforcing safe limit of 8.]
[2025-12-31 06:29:33,924: INFO: utils: NumExpr defaulting to 8 threads.]
[2025-12-31 06:30:12,033: INFO: utils: Note: NumExpr detected 16 cores but "NUMEXPR_MAX_THREADS" not set, so enforcing safe limit of 8.]
[2025-12-31 06:30:12,033: INFO: utils: NumExpr defaulting to 8 threads.]
[2025-12-31 06:30:14,141: INFO: utils: Note: NumExpr detected 16 cores but "NUMEXPR_MAX_THREADS" not set, so enforcing safe limit of 8.]
[2025-12-31 06:30:14,142: INFO: utils: NumExpr defaulting to 8 threads.]
[2025-12-31 06:30:14,932: INFO: utils: Note: NumExpr detected 16 cores but "NUMEXPR_MAX_THREADS" not set, so enforcing safe limit of 8.]
[2025-12-31 06:30:14,933: INFO: utils: NumExpr defaulting to 8 threads.]
[2025-12-31 06:30:19,119: INFO: utils: Note: NumExpr detected 16 cores but "NUMEXPR_MAX_THREADS" not set, so enforcing safe limit of 8.]
[2025-12-31 06:30:19,120: INFO: utils: NumExpr defaulting to 8 threads.]
[2025-12-31 06:30:24,184: INFO: utils: Note: NumExpr detected 16 cores but "NUMEXPR_MAX_THREADS" not set, so enforcing safe limit of 8.]
[2025-12-31 06:30:24,185: INFO: utils: NumExpr defaulting to 8 threads.]
[2025-12-31 06:30:25,459: INFO: utils: Note: NumExpr detected 16 cores but "NUMEXPR_MAX_THREADS" not set, so enforcing safe limit of 8.]
[2025-12-31 06:30:25,459: INFO: utils: NumExpr defaulting to 8 threads.]
[2025-12-31 06:30:26,584: INFO: utils: Note: NumExpr detected 16 cores but "NUMEXPR_MAX_THREADS" not set, so enforcing safe limit of 8.]
[2025-12-31 06:30:26,584: INFO: utils: NumExpr defaulting to 8 threads.]
[2025-12-31 06:30:31,046: INFO: utils: Note: NumExpr detected 16 cores but "NUMEXPR_MAX_THREADS" not set, so enforcing safe limit of 8.]
[2025-12-31 06:30:31,046: INFO: utils: NumExpr defaulting to 8 threads.]
[2025-12-31 06:30:35,243: INFO: utils: Note: NumExpr detected 16 cores but "NUMEXPR_MAX_THREADS" not set, so enforcing safe limit of 8.]
[2025-12-31 06:30:35,243: INFO: utils: NumExpr defaulting to 8 threads.]
[2025-12-31 06:30:36,154: INFO: utils: Note: NumExpr detected 16 cores but "NUMEXPR_MAX_THREADS" not set, so enforcing safe limit of 8.]
[2025-12-31 06:30:36,154: INFO: utils: NumExpr defaulting to 8 threads.]
[2025-12-31 06:31:28,417: INFO: utils: Note: NumExpr detected 16 cores but "NUMEXPR_MAX_THREADS" not set, so enforcing safe limit of 8.]
[2025-12-31 06:31:28,418: INFO: utils: NumExpr defaulting to 8 threads.]
[2025-12-31 06:31:29,780: INFO: server: 初始化加载模型 a2_local/Artifact_2025_12_31/model_2025_12_31.pkl]
[2025-12-31 06:31:29,829: INFO: server: 初始化加载模型 a2_local/Artifact_2025_12_31/model_2025_12_31.pkl]
[2025-12-31 06:31:39,885: INFO: utils: Note: NumExpr detected 16 cores but "NUMEXPR_MAX_THREADS" not set, so enforcing safe limit of 8.]
[2025-12-31 06:31:39,886: INFO: utils: NumExpr defaulting to 8 threads.]
[2025-12-31 06:31:41,286: INFO: server: 初始化加载模型 a2_local/Artifact_2025_12_31/model_2025_12_31.pkl]
[2025-12-31 06:31:41,337: INFO: server: 初始化加载模型 a2_local/Artifact_2025_12_31/model_2025_12_31.pkl]
[2025-12-31 06:32:15,392: INFO: utils: Note: NumExpr detected 16 cores but "NUMEXPR_MAX_THREADS" not set, so enforcing safe limit of 8.]
[2025-12-31 06:32:15,393: INFO: utils: NumExpr defaulting to 8 threads.]
[2025-12-31 06:32:16,642: INFO: server: 初始化加载模型 a2_local/Artifact_2025_12_31/model_2025_12_31.pkl]
[2025-12-31 06:32:17,010: INFO: utils: Note: NumExpr detected 16 cores but "NUMEXPR_MAX_THREADS" not set, so enforcing safe limit of 8.]
[2025-12-31 06:32:17,010: INFO: utils: NumExpr defaulting to 8 threads.]
[2025-12-31 06:32:18,224: INFO: server: 初始化加载模型 a2_local/Artifact_2025_12_31/model_2025_12_31.pkl]
[2025-12-31 06:32:18,271: INFO: server: 初始化加载模型 a2_local/Artifact_2025_12_31/model_2025_12_31.pkl]
[2025-12-31 06:32:57,511: INFO: utils: Note: NumExpr detected 16 cores but "NUMEXPR_MAX_THREADS" not set, so enforcing safe limit of 8.]
[2025-12-31 06:32:57,512: INFO: utils: NumExpr defaulting to 8 threads.]
[2025-12-31 06:32:58,876: INFO: server: 初始化加载模型 a2_local/Artifact_2025_12_31/model_2025_12_31.pkl]
[2025-12-31 06:32:58,923: INFO: server: 初始化加载模型 a2_local/Artifact_2025_12_31/model_2025_12_31.pkl]
[2025-12-31 06:33:01,260: INFO: utils: Note: NumExpr detected 16 cores but "NUMEXPR_MAX_THREADS" not set, so enforcing safe limit of 8.]
[2025-12-31 06:33:01,260: INFO: utils: NumExpr defaulting to 8 threads.]
[2025-12-31 06:33:02,653: INFO: server: 初始化加载模型 a2_local/Artifact_2025_12_31/model_2025_12_31.pkl]
[2025-12-31 06:33:02,701: INFO: server: 初始化加载模型 a2_local/Artifact_2025_12_31/model_2025_12_31.pkl]
[2025-12-31 06:33:45,770: INFO: server: 开始 更换模型 2025_12_31]
[2025-12-31 06:33:45,771: ERROR: w02_log_error: 
发生于 d:\mlops\x05_mlops-pipeline\src\server.py 第 179 行
Error: file must have 'read' and 'readline' attributes 
]
[2025-12-31 06:35:29,767: INFO: utils: Note: NumExpr detected 16 cores but "NUMEXPR_MAX_THREADS" not set, so enforcing safe limit of 8.]
[2025-12-31 06:35:29,767: INFO: utils: NumExpr defaulting to 8 threads.]
[2025-12-31 06:35:31,093: INFO: server: 初始化加载模型 a2_local/Artifact_2025_12_31/model_2025_12_31.pkl]
[2025-12-31 06:35:31,140: INFO: server: 初始化加载模型 a2_local/Artifact_2025_12_31/model_2025_12_31.pkl]
[2025-12-31 06:39:50,115: INFO: utils: Note: NumExpr detected 16 cores but "NUMEXPR_MAX_THREADS" not set, so enforcing safe limit of 8.]
[2025-12-31 06:39:50,115: INFO: utils: NumExpr defaulting to 8 threads.]
[2025-12-31 06:39:51,523: INFO: server: 初始化加载模型 a2_local/Artifact_2025_12_31/model_2025_12_31.pkl]
[2025-12-31 06:40:01,647: INFO: server: 开始 更换模型 2025_12_31]
[2025-12-31 06:51:48,150: INFO: utils: Note: NumExpr detected 16 cores but "NUMEXPR_MAX_THREADS" not set, so enforcing safe limit of 8.]
[2025-12-31 06:51:48,151: INFO: utils: NumExpr defaulting to 8 threads.]
[2025-12-31 06:51:49,568: INFO: server: 初始化加载模型 a2_local/Artifact_2025_12_31/model_2025_12_31.pkl]
[2025-12-31 06:51:57,616: INFO: server: 开始 下载到本地 2025_12_31]
[2025-12-31 06:52:03,285: INFO: server: 完成 下载到本地 a2_local/Artifact_2025_12_31]
[2025-12-31 06:52:04,568: INFO: server: 开始 更换模型 2025_12_31]
[2025-12-31 07:02:22,118: INFO: utils: Note: NumExpr detected 16 cores but "NUMEXPR_MAX_THREADS" not set, so enforcing safe limit of 8.]
[2025-12-31 07:02:22,118: INFO: utils: NumExpr defaulting to 8 threads.]
[2025-12-31 07:02:23,552: INFO: server: 初始化加载模型 a2_local/Artifact_2025_12_31/model_2025_12_31.pkl]
[2025-12-31 16:31:01,022: INFO: utils: Note: NumExpr detected 16 cores but "NUMEXPR_MAX_THREADS" not set, so enforcing safe limit of 8.]
[2025-12-31 16:31:01,022: INFO: utils: NumExpr defaulting to 8 threads.]
[2025-12-31 16:31:03,531: INFO: server: 初始化加载模型 a2_local/Artifact_2025_12_31/model_2025_12_31.pkl]
[2025-12-31 16:32:44,755: INFO: utils: Note: NumExpr detected 16 cores but "NUMEXPR_MAX_THREADS" not set, so enforcing safe limit of 8.]
[2025-12-31 16:32:44,755: INFO: utils: NumExpr defaulting to 8 threads.]
[2025-12-31 16:32:46,088: INFO: server: 初始化加载模型 a2_local/Artifact_2025_12_31/model_2025_12_31.pkl]
[2025-12-31 16:32:48,391: ERROR: w02_log_error: 
发生于 d:\mlops\x05_mlops-pipeline\src\server.py 第 262 行
Error: The feature names should match those that were passed during fit.
Feature names unseen at fit time:
- Result
 
]
[2025-12-31 16:34:44,268: INFO: utils: Note: NumExpr detected 16 cores but "NUMEXPR_MAX_THREADS" not set, so enforcing safe limit of 8.]
[2025-12-31 16:34:44,268: INFO: utils: NumExpr defaulting to 8 threads.]
[2025-12-31 16:34:45,671: INFO: server: 初始化加载模型 a2_local/Artifact_2025_12_31/model_2025_12_31.pkl]
[2025-12-31 16:34:48,625: ERROR: w02_log_error: 
发生于 d:\mlops\x05_mlops-pipeline\src\server.py 第 262 行
Error: The feature names should match those that were passed during fit.
Feature names unseen at fit time:
- Result
 
]
[2025-12-31 16:35:41,023: INFO: utils: Note: NumExpr detected 16 cores but "NUMEXPR_MAX_THREADS" not set, so enforcing safe limit of 8.]
[2025-12-31 16:35:41,023: INFO: utils: NumExpr defaulting to 8 threads.]
[2025-12-31 16:35:42,368: INFO: server: 初始化加载模型 a2_local/Artifact_2025_12_31/model_2025_12_31.pkl]
[2025-12-31 16:35:50,113: ERROR: w02_log_error: 
发生于 d:\mlops\x05_mlops-pipeline\src\server.py 第 262 行
Error: The feature names should match those that were passed during fit.
Feature names unseen at fit time:
- Result
 
]
[2025-12-31 17:02:27,150: INFO: utils: Note: NumExpr detected 16 cores but "NUMEXPR_MAX_THREADS" not set, so enforcing safe limit of 8.]
[2025-12-31 17:02:27,150: INFO: utils: NumExpr defaulting to 8 threads.]
[2025-12-31 17:02:34,476: INFO: server: 初始化加载模型 a2_local/Artifact_2025_12_31/model_2025_12_31.pkl]
[2025-12-31 17:02:42,786: ERROR: w02_log_error: 
发生于 d:\mlops\x05_mlops-pipeline\src\server.py 第 262 行
Error: The feature names should match those that were passed during fit.
Feature names unseen at fit time:
- Result
 
]
[2025-12-31 17:03:46,262: INFO: utils: Note: NumExpr detected 16 cores but "NUMEXPR_MAX_THREADS" not set, so enforcing safe limit of 8.]
[2025-12-31 17:03:46,262: INFO: utils: NumExpr defaulting to 8 threads.]
[2025-12-31 17:03:47,566: INFO: server: 初始化加载模型 a2_local/Artifact_2025_12_31/model_2025_12_31.pkl]
[2025-12-31 17:08:09,853: INFO: utils: Note: NumExpr detected 16 cores but "NUMEXPR_MAX_THREADS" not set, so enforcing safe limit of 8.]
[2025-12-31 17:08:09,853: INFO: utils: NumExpr defaulting to 8 threads.]
[2025-12-31 17:08:11,182: INFO: server: 初始化加载模型 a2_local/Artifact_2025_12_31/model_2025_12_31.pkl]
[2025-12-31 17:12:20,857: INFO: utils: Note: NumExpr detected 16 cores but "NUMEXPR_MAX_THREADS" not set, so enforcing safe limit of 8.]
[2025-12-31 17:12:20,857: INFO: utils: NumExpr defaulting to 8 threads.]
[2025-12-31 17:12:22,219: INFO: server: 初始化加载模型 a2_local/Artifact_2025_12_31/model_2025_12_31.pkl]
[2025-12-31 17:12:31,824: INFO: server: 开始 更换模型 2025_12_31]
[2025-12-31 17:13:36,228: INFO: utils: Note: NumExpr detected 16 cores but "NUMEXPR_MAX_THREADS" not set, so enforcing safe limit of 8.]
[2025-12-31 17:13:36,228: INFO: utils: NumExpr defaulting to 8 threads.]
[2025-12-31 17:13:37,515: INFO: server: 初始化加载模型 a2_local/Artifact_2025_12_31/model_2025_12_31.pkl]
[2025-12-31 17:13:42,267: INFO: server: 开始 更换模型 2025_12_31]
