[2026-02-22 18:25:17,339: INFO: utils: Note: NumExpr detected 16 cores but "NUMEXPR_MAX_THREADS" not set, so enforcing safe limit of 8.]
[2026-02-22 18:25:17,339: INFO: utils: NumExpr defaulting to 8 threads.]
[2026-02-22 18:25:42,891: INFO: utils: Note: NumExpr detected 16 cores but "NUMEXPR_MAX_THREADS" not set, so enforcing safe limit of 8.]
[2026-02-22 18:25:42,891: INFO: utils: NumExpr defaulting to 8 threads.]
[2026-02-22 18:25:43,842: INFO: x00_ETL_to_db: 插入数据 库:mlops_data 表:collection_2026_02_22 条数:11055]
[2026-02-22 18:26:50,046: INFO: utils: Note: NumExpr detected 16 cores but "NUMEXPR_MAX_THREADS" not set, so enforcing safe limit of 8.]
[2026-02-22 18:26:50,046: INFO: utils: NumExpr defaulting to 8 threads.]
[2026-02-22 18:26:59,501: INFO: x01_train: —————— 加载原始数据 2026_02_22 ——————]
[2026-02-22 18:26:59,719: INFO: x01_train: 数据 长度 11055 条数据]
[2026-02-22 18:26:59,738: INFO: x01_train: 字段完整 无多余字段 无缺失字段 包含 31 个字段]
[2026-02-22 18:26:59,742: INFO: x01_train: 删除缺失值 后 剩余 11055 条数据]
[2026-02-22 18:26:59,803: INFO: x01_train: 保存训练数据 路径:a1_out/Artifact_2026_02_22/data.csv 条数:11055]
[2026-02-22 18:27:06,231: INFO: x01_train: ROC曲线图片 保存路径:a1_out/Artifact_2026_02_22/ROC_curve_2026_02_22.png]
[2026-02-22 18:27:06,263: INFO: x01_train: 结果 csv 保存路径:a1_out/Artifact_2026_02_22/table_2026_02_22.csv]
[2026-02-22 18:27:06,870: INFO: x01_train: 结果 PNG图片 保存路径:a1_out/Artifact_2026_02_22/table_2026_02_22.png]
[2026-02-22 18:27:06,888: INFO: x01_train: 最佳模型 保存路径:a1_out/Artifact_2026_02_22/model_2026_02_22.pkl]
[2026-02-22 18:34:33,859: INFO: x02_upload_to_s3: 开始 上传到s3 2026_02_22]
[2026-02-22 18:34:52,539: INFO: x02_upload_to_s3: 完成 上传到s3 s3://a1-s3-7765432/Artifact_2026_02_22]
[2026-02-22 18:50:11,298: INFO: x03_download_to_local: 开始 下载到本地 2026_02_22]
[2026-02-22 18:51:02,682: INFO: x03_download_to_local: 完成 下载到本地 a2_local/Artifact_2026_02_22]
